#
# There is insufficient memory for the Java Runtime Environment to continue.
# Native memory allocation (malloc) failed to allocate 32744 bytes for Chunk::new
# Possible reasons:
#   The system is out of physical RAM or swap space
#   The process is running with CompressedOops enabled, and the Java Heap may be blocking the growth of the native heap
# Possible solutions:
#   Reduce memory load on the system
#   Increase physical memory or swap space
#   Check if swap backing store is full
#   Decrease Java heap size (-Xmx/-Xms)
#   Decrease number of Java threads
#   Decrease Java thread stack sizes (-Xss)
#   Set larger code cache with -XX:ReservedCodeCacheSize=
#   JVM is running with Unscaled Compressed Oops mode in which the Java heap is
#     placed in the first 4GB address space. The Java Heap base address is the
#     maximum limit for the native heap growth. Please use -XX:HeapBaseMinAddress
#     to set the Java Heap base and to place the Java Heap above 4GB virtual address.
# This output file may be truncated or incomplete.
#
#  Out of Memory Error (arena.cpp:184), pid=23484, tid=24040
#
# JRE version: Java(TM) SE Runtime Environment (20.0.2+9) (build 20.0.2+9-78)
# Java VM: Java HotSpot(TM) 64-Bit Server VM (20.0.2+9-78, mixed mode, sharing, tiered, compressed oops, compressed class ptrs, g1 gc, windows-amd64)
# No core dump will be written. Minidumps are not enabled by default on client versions of Windows
#

---------------  S U M M A R Y ------------

Command Line: -Dfile.encoding=UTF-8 --module-path=C:\Users\jazzy\OneDrive\Documents\NetBeansProjects\StudentRecordSystem\build\classes studentrecordsystem.Add

Host: 11th Gen Intel(R) Core(TM) i3-1115G4 @ 3.00GHz, 4 cores, 3G,  Windows 11 , 64 bit Build 22621 (10.0.22621.1778)
Time: Wed Jul 26 12:59:10 2023 Malay Peninsula Standard Time elapsed time: 4561.140797 seconds (0d 1h 16m 1s)

---------------  T H R E A D  ---------------

Current thread (0x0000020fc0578f90):  JavaThread "C2 CompilerThread0" daemon [_thread_in_native, id=24040, stack(0x000000c9cdd00000,0x000000c9cde00000)]


Current CompileTask:
C2:4561145 1018 %     4       java.lang.StringLatin1::indexOfChar @ 7 (33 bytes)

Stack: [0x000000c9cdd00000,0x000000c9cde00000]
Native frames: (J=compiled Java code, j=interpreted, Vv=VM code, C=native code)
V  [jvm.dll+0x6bc25a]
V  [jvm.dll+0x84971a]
V  [jvm.dll+0x84b315]
V  [jvm.dll+0x84ba13]
V  [jvm.dll+0x280e4f]
V  [jvm.dll+0xc2ab1]
V  [jvm.dll+0xc2dd5]
V  [jvm.dll+0xc2bd4]
V  [jvm.dll+0x69a16c]
V  [jvm.dll+0x5f5ec1]
V  [jvm.dll+0x5f2116]
V  [jvm.dll+0x5d9443]
V  [jvm.dll+0x5dd149]
V  [jvm.dll+0x5dc7c9]
V  [jvm.dll+0x5dc6b0]
V  [jvm.dll+0x5dc82c]
V  [jvm.dll+0x5e42ca]
V  [jvm.dll+0x254684]
V  [jvm.dll+0x254a4f]
V  [jvm.dll+0x24d23d]
V  [jvm.dll+0x24a819]
V  [jvm.dll+0x1ce761]
V  [jvm.dll+0x25a0eb]
V  [jvm.dll+0x2587c0]
V  [jvm.dll+0x3f2dd5]
V  [jvm.dll+0x7f5c76]
V  [jvm.dll+0x6baecb]
C  [ucrtbase.dll+0x29363]
C  [KERNEL32.DLL+0x126ad]
C  [ntdll.dll+0x5a9f8]


---------------  P R O C E S S  ---------------

Threads class SMR info:
_java_thread_list=0x00000210068195a0, length=16, elements={
0x0000020fc0565180, 0x0000020fc0565ff0, 0x0000020fc056a860, 0x0000020fc056d3a0,
0x0000020fc056df70, 0x0000020fc056fee0, 0x0000020fc0578f90, 0x0000020fc057d7a0,
0x00000210058210f0, 0x000002100592a910, 0x0000021005ac30c0, 0x0000021005ac3860,
0x0000021005ac3db0, 0x0000021005bda3e0, 0x0000020fa3c542b0, 0x0000021006814d10
}

Java Threads: ( => current thread )
  0x0000020fc0565180 JavaThread "Reference Handler" daemon [_thread_blocked, id=9980, stack(0x000000c9cd700000,0x000000c9cd800000)]
  0x0000020fc0565ff0 JavaThread "Finalizer" daemon [_thread_blocked, id=7764, stack(0x000000c9cd800000,0x000000c9cd900000)]
  0x0000020fc056a860 JavaThread "Signal Dispatcher" daemon [_thread_blocked, id=8220, stack(0x000000c9cd900000,0x000000c9cda00000)]
  0x0000020fc056d3a0 JavaThread "Attach Listener" daemon [_thread_blocked, id=12948, stack(0x000000c9cda00000,0x000000c9cdb00000)]
  0x0000020fc056df70 JavaThread "Service Thread" daemon [_thread_blocked, id=14700, stack(0x000000c9cdb00000,0x000000c9cdc00000)]
  0x0000020fc056fee0 JavaThread "Monitor Deflation Thread" daemon [_thread_blocked, id=1776, stack(0x000000c9cdc00000,0x000000c9cdd00000)]
=>0x0000020fc0578f90 JavaThread "C2 CompilerThread0" daemon [_thread_in_native, id=24040, stack(0x000000c9cdd00000,0x000000c9cde00000)]
  0x0000020fc057d7a0 JavaThread "C1 CompilerThread0" daemon [_thread_blocked, id=2644, stack(0x000000c9cde00000,0x000000c9cdf00000)]
  0x00000210058210f0 JavaThread "Common-Cleaner" daemon [_thread_blocked, id=21668, stack(0x000000c9cdf00000,0x000000c9ce000000)]
  0x000002100592a910 JavaThread "Notification Thread" daemon [_thread_blocked, id=25672, stack(0x000000c9ce000000,0x000000c9ce100000)]
  0x0000021005ac30c0 JavaThread "Java2D Disposer" daemon [_thread_blocked, id=21856, stack(0x000000c9ce200000,0x000000c9ce300000)]
  0x0000021005ac3860 JavaThread "AWT-Shutdown" [_thread_blocked, id=17132, stack(0x000000c9ce300000,0x000000c9ce400000)]
  0x0000021005ac3db0 JavaThread "AWT-Windows" daemon [_thread_in_vm, id=6744, stack(0x000000c9ce400000,0x000000c9ce500000)]
  0x0000021005bda3e0 JavaThread "AWT-EventQueue-0" [_thread_blocked, id=11200, stack(0x000000c9ce500000,0x000000c9ce600000)]
  0x0000020fa3c542b0 JavaThread "DestroyJavaVM" [_thread_blocked, id=17704, stack(0x000000c9cd000000,0x000000c9cd100000)]
  0x0000021006814d10 JavaThread "TimerQueue" daemon [_thread_blocked, id=21284, stack(0x000000c9ce900000,0x000000c9cea00000)]

Other Threads:
  0x0000020fa3d1ab70 VMThread "VM Thread" [stack: 0x000000c9cd600000,0x000000c9cd700000] [id=14728]
  0x000002100592ae60 WatcherThread "VM Periodic Task Thread" [stack: 0x000000c9ce100000,0x000000c9ce200000] [id=19572]
  0x0000020fa3c96370 WorkerThread "GC Thread#0" [stack: 0x000000c9cd100000,0x000000c9cd200000] [id=18196]
  0x0000020fa3c9e900 ConcurrentGCThread "G1 Main Marker" [stack: 0x000000c9cd200000,0x000000c9cd300000] [id=17856]
  0x0000020fa3c9f330 WorkerThread "G1 Conc#0" [stack: 0x000000c9cd300000,0x000000c9cd400000] [id=15272]
  0x0000020fa3cf4aa0 ConcurrentGCThread "G1 Refine#0" [stack: 0x000000c9cd400000,0x000000c9cd500000] [id=22224]
  0x0000020fa3cf6590 ConcurrentGCThread "G1 Service" [stack: 0x000000c9cd500000,0x000000c9cd600000] [id=16660]

Threads with active compile tasks:
C2 CompilerThread0  4561287 1018 %     4       java.lang.StringLatin1::indexOfChar @ 7 (33 bytes)

VM state: not at safepoint (normal execution)

VM Mutex/Monitor currently owned by a thread: None

Heap address: 0x00000000c4c00000, size: 948 MB, Compressed Oops mode: 32-bit

CDS archive(s) mapped at: [0x0000020fc0800000-0x0000020fc1460000-0x0000020fc1460000), size 12976128, SharedBaseAddress: 0x0000020fc0800000, ArchiveRelocationMode: 1.
Compressed class space mapped at: 0x0000020fc1800000-0x0000021001800000, reserved size: 1073741824
Narrow klass base: 0x0000020fc0800000, Narrow klass shift: 0, Narrow klass range: 0x100000000

GC Precious Log:
 CardTable entry size: 512
 Card Set container configuration: InlinePtr #cards 5 size 8 Array Of Cards #cards 12 size 40 Howl #buckets 4 coarsen threshold 1843 Howl Bitmap #cards 512 size 80 coarsen threshold 460 Card regions per heap region 1 cards per card region 2048
 CPUs: 4 total, 4 available
 Memory: 3790M
 Large Page Support: Disabled
 NUMA Support: Disabled
 Compressed Oops: Enabled (32-bit)
 Heap Region Size: 1M
 Heap Min Capacity: 8M
 Heap Initial Capacity: 60M
 Heap Max Capacity: 948M
 Pre-touch: Disabled
 Parallel Workers: 4
 Concurrent Workers: 1
 Concurrent Refinement Workers: 4
 Periodic GC: Disabled

Heap:
 garbage-first heap   total 61440K, used 11264K [0x00000000c4c00000, 0x0000000100000000)
  region size 1024K, 8 young (8192K), 0 survivors (0K)
 Metaspace       used 7722K, committed 7936K, reserved 1114112K
  class space    used 856K, committed 960K, reserved 1048576K

Heap Regions: E=young(eden), S=young(survivor), O=old, HS=humongous(starts), HC=humongous(continues), CS=collection set, F=free, OA=open archive, CA=closed archive, TAMS=top-at-mark-start, PB=parsable bottom
|   0|0x00000000c4c00000, 0x00000000c4d00000, 0x00000000c4d00000|100%|HS|  |TAMS 0x00000000c4c00000| PB 0x00000000c4c00000| Complete 
|   1|0x00000000c4d00000, 0x00000000c4e00000, 0x00000000c4e00000|100%|HC|  |TAMS 0x00000000c4d00000| PB 0x00000000c4d00000| Complete 
|   2|0x00000000c4e00000, 0x00000000c4f00000, 0x00000000c4f00000|100%|HC|  |TAMS 0x00000000c4e00000| PB 0x00000000c4e00000| Complete 
|   3|0x00000000c4f00000, 0x00000000c5000000, 0x00000000c5000000|100%|HC|  |TAMS 0x00000000c4f00000| PB 0x00000000c4f00000| Complete 
|   4|0x00000000c5000000, 0x00000000c5000000, 0x00000000c5100000|  0%| F|  |TAMS 0x00000000c5000000| PB 0x00000000c5000000| Untracked 
|   5|0x00000000c5100000, 0x00000000c5100000, 0x00000000c5200000|  0%| F|  |TAMS 0x00000000c5100000| PB 0x00000000c5100000| Untracked 
|   6|0x00000000c5200000, 0x00000000c5200000, 0x00000000c5300000|  0%| F|  |TAMS 0x00000000c5200000| PB 0x00000000c5200000| Untracked 
|   7|0x00000000c5300000, 0x00000000c5300000, 0x00000000c5400000|  0%| F|  |TAMS 0x00000000c5300000| PB 0x00000000c5300000| Untracked 
|   8|0x00000000c5400000, 0x00000000c5400000, 0x00000000c5500000|  0%| F|  |TAMS 0x00000000c5400000| PB 0x00000000c5400000| Untracked 
|   9|0x00000000c5500000, 0x00000000c5500000, 0x00000000c5600000|  0%| F|  |TAMS 0x00000000c5500000| PB 0x00000000c5500000| Untracked 
|  10|0x00000000c5600000, 0x00000000c5600000, 0x00000000c5700000|  0%| F|  |TAMS 0x00000000c5600000| PB 0x00000000c5600000| Untracked 
|  11|0x00000000c5700000, 0x00000000c5700000, 0x00000000c5800000|  0%| F|  |TAMS 0x00000000c5700000| PB 0x00000000c5700000| Untracked 
|  12|0x00000000c5800000, 0x00000000c5800000, 0x00000000c5900000|  0%| F|  |TAMS 0x00000000c5800000| PB 0x00000000c5800000| Untracked 
|  13|0x00000000c5900000, 0x00000000c5900000, 0x00000000c5a00000|  0%| F|  |TAMS 0x00000000c5900000| PB 0x00000000c5900000| Untracked 
|  14|0x00000000c5a00000, 0x00000000c5a00000, 0x00000000c5b00000|  0%| F|  |TAMS 0x00000000c5a00000| PB 0x00000000c5a00000| Untracked 
|  15|0x00000000c5b00000, 0x00000000c5b00000, 0x00000000c5c00000|  0%| F|  |TAMS 0x00000000c5b00000| PB 0x00000000c5b00000| Untracked 
|  16|0x00000000c5c00000, 0x00000000c5c00000, 0x00000000c5d00000|  0%| F|  |TAMS 0x00000000c5c00000| PB 0x00000000c5c00000| Untracked 
|  17|0x00000000c5d00000, 0x00000000c5d00000, 0x00000000c5e00000|  0%| F|  |TAMS 0x00000000c5d00000| PB 0x00000000c5d00000| Untracked 
|  18|0x00000000c5e00000, 0x00000000c5e00000, 0x00000000c5f00000|  0%| F|  |TAMS 0x00000000c5e00000| PB 0x00000000c5e00000| Untracked 
|  19|0x00000000c5f00000, 0x00000000c5f00000, 0x00000000c6000000|  0%| F|  |TAMS 0x00000000c5f00000| PB 0x00000000c5f00000| Untracked 
|  20|0x00000000c6000000, 0x00000000c6000000, 0x00000000c6100000|  0%| F|  |TAMS 0x00000000c6000000| PB 0x00000000c6000000| Untracked 
|  21|0x00000000c6100000, 0x00000000c6100000, 0x00000000c6200000|  0%| F|  |TAMS 0x00000000c6100000| PB 0x00000000c6100000| Untracked 
|  22|0x00000000c6200000, 0x00000000c6200000, 0x00000000c6300000|  0%| F|  |TAMS 0x00000000c6200000| PB 0x00000000c6200000| Untracked 
|  23|0x00000000c6300000, 0x00000000c6300000, 0x00000000c6400000|  0%| F|  |TAMS 0x00000000c6300000| PB 0x00000000c6300000| Untracked 
|  24|0x00000000c6400000, 0x00000000c6400000, 0x00000000c6500000|  0%| F|  |TAMS 0x00000000c6400000| PB 0x00000000c6400000| Untracked 
|  25|0x00000000c6500000, 0x00000000c6500000, 0x00000000c6600000|  0%| F|  |TAMS 0x00000000c6500000| PB 0x00000000c6500000| Untracked 
|  26|0x00000000c6600000, 0x00000000c6600000, 0x00000000c6700000|  0%| F|  |TAMS 0x00000000c6600000| PB 0x00000000c6600000| Untracked 
|  27|0x00000000c6700000, 0x00000000c6700000, 0x00000000c6800000|  0%| F|  |TAMS 0x00000000c6700000| PB 0x00000000c6700000| Untracked 
|  28|0x00000000c6800000, 0x00000000c6800000, 0x00000000c6900000|  0%| F|  |TAMS 0x00000000c6800000| PB 0x00000000c6800000| Untracked 
|  29|0x00000000c6900000, 0x00000000c6900000, 0x00000000c6a00000|  0%| F|  |TAMS 0x00000000c6900000| PB 0x00000000c6900000| Untracked 
|  30|0x00000000c6a00000, 0x00000000c6a00000, 0x00000000c6b00000|  0%| F|  |TAMS 0x00000000c6a00000| PB 0x00000000c6a00000| Untracked 
|  31|0x00000000c6b00000, 0x00000000c6b00000, 0x00000000c6c00000|  0%| F|  |TAMS 0x00000000c6b00000| PB 0x00000000c6b00000| Untracked 
|  32|0x00000000c6c00000, 0x00000000c6c00000, 0x00000000c6d00000|  0%| F|  |TAMS 0x00000000c6c00000| PB 0x00000000c6c00000| Untracked 
|  33|0x00000000c6d00000, 0x00000000c6d00000, 0x00000000c6e00000|  0%| F|  |TAMS 0x00000000c6d00000| PB 0x00000000c6d00000| Untracked 
|  34|0x00000000c6e00000, 0x00000000c6e00000, 0x00000000c6f00000|  0%| F|  |TAMS 0x00000000c6e00000| PB 0x00000000c6e00000| Untracked 
|  35|0x00000000c6f00000, 0x00000000c6f00000, 0x00000000c7000000|  0%| F|  |TAMS 0x00000000c6f00000| PB 0x00000000c6f00000| Untracked 
|  36|0x00000000c7000000, 0x00000000c7000000, 0x00000000c7100000|  0%| F|  |TAMS 0x00000000c7000000| PB 0x00000000c7000000| Untracked 
|  37|0x00000000c7100000, 0x00000000c7100000, 0x00000000c7200000|  0%| F|  |TAMS 0x00000000c7100000| PB 0x00000000c7100000| Untracked 
|  38|0x00000000c7200000, 0x00000000c7200000, 0x00000000c7300000|  0%| F|  |TAMS 0x00000000c7200000| PB 0x00000000c7200000| Untracked 
|  39|0x00000000c7300000, 0x00000000c7300000, 0x00000000c7400000|  0%| F|  |TAMS 0x00000000c7300000| PB 0x00000000c7300000| Untracked 
|  40|0x00000000c7400000, 0x00000000c7400000, 0x00000000c7500000|  0%| F|  |TAMS 0x00000000c7400000| PB 0x00000000c7400000| Untracked 
|  41|0x00000000c7500000, 0x00000000c7500000, 0x00000000c7600000|  0%| F|  |TAMS 0x00000000c7500000| PB 0x00000000c7500000| Untracked 
|  42|0x00000000c7600000, 0x00000000c7600000, 0x00000000c7700000|  0%| F|  |TAMS 0x00000000c7600000| PB 0x00000000c7600000| Untracked 
|  43|0x00000000c7700000, 0x00000000c7700000, 0x00000000c7800000|  0%| F|  |TAMS 0x00000000c7700000| PB 0x00000000c7700000| Untracked 
|  44|0x00000000c7800000, 0x00000000c7800000, 0x00000000c7900000|  0%| F|  |TAMS 0x00000000c7800000| PB 0x00000000c7800000| Untracked 
|  45|0x00000000c7900000, 0x00000000c7900000, 0x00000000c7a00000|  0%| F|  |TAMS 0x00000000c7900000| PB 0x00000000c7900000| Untracked 
|  46|0x00000000c7a00000, 0x00000000c7a00000, 0x00000000c7b00000|  0%| F|  |TAMS 0x00000000c7a00000| PB 0x00000000c7a00000| Untracked 
|  47|0x00000000c7b00000, 0x00000000c7b00000, 0x00000000c7c00000|  0%| F|  |TAMS 0x00000000c7b00000| PB 0x00000000c7b00000| Untracked 
|  48|0x00000000c7c00000, 0x00000000c7c00000, 0x00000000c7d00000|  0%| F|  |TAMS 0x00000000c7c00000| PB 0x00000000c7c00000| Untracked 
|  49|0x00000000c7d00000, 0x00000000c7d00000, 0x00000000c7e00000|  0%| F|  |TAMS 0x00000000c7d00000| PB 0x00000000c7d00000| Untracked 
|  50|0x00000000c7e00000, 0x00000000c7e00000, 0x00000000c7f00000|  0%| F|  |TAMS 0x00000000c7e00000| PB 0x00000000c7e00000| Untracked 
|  51|0x00000000c7f00000, 0x00000000c7f00000, 0x00000000c8000000|  0%| F|  |TAMS 0x00000000c7f00000| PB 0x00000000c7f00000| Untracked 
|  52|0x00000000c8000000, 0x00000000c8043118, 0x00000000c8100000| 26%| E|  |TAMS 0x00000000c8000000| PB 0x00000000c8000000| Complete 
|  53|0x00000000c8100000, 0x00000000c8200000, 0x00000000c8200000|100%| E|CS|TAMS 0x00000000c8100000| PB 0x00000000c8100000| Complete 
|  54|0x00000000c8200000, 0x00000000c8300000, 0x00000000c8300000|100%| E|CS|TAMS 0x00000000c8200000| PB 0x00000000c8200000| Complete 
|  55|0x00000000c8300000, 0x00000000c8400000, 0x00000000c8400000|100%| E|CS|TAMS 0x00000000c8300000| PB 0x00000000c8300000| Complete 
|  56|0x00000000c8400000, 0x00000000c8500000, 0x00000000c8500000|100%| E|CS|TAMS 0x00000000c8400000| PB 0x00000000c8400000| Complete 
|  57|0x00000000c8500000, 0x00000000c8600000, 0x00000000c8600000|100%| E|CS|TAMS 0x00000000c8500000| PB 0x00000000c8500000| Complete 
|  58|0x00000000c8600000, 0x00000000c8700000, 0x00000000c8700000|100%| E|CS|TAMS 0x00000000c8600000| PB 0x00000000c8600000| Complete 
|  59|0x00000000c8700000, 0x00000000c8800000, 0x00000000c8800000|100%| E|CS|TAMS 0x00000000c8700000| PB 0x00000000c8700000| Complete 

Card table byte_map: [0x0000020fbcd60000,0x0000020fbcf40000] _byte_map_base: 0x0000020fbc73a000

Marking Bits: (CMBitMap*) 0x0000020fa3c969a0
 Bits: [0x0000020fbd120000, 0x0000020fbdff0000)

Polling page: 0x0000020fa3b10000

Metaspace:

Usage:
  Non-class:      6.71 MB used.
      Class:    856.17 KB used.
       Both:      7.54 MB used.

Virtual space:
  Non-class space:       64.00 MB reserved,       6.81 MB ( 11%) committed,  1 nodes.
      Class space:        1.00 GB reserved,     960.00 KB ( <1%) committed,  1 nodes.
             Both:        1.06 GB reserved,       7.75 MB ( <1%) committed. 

Chunk freelists:
   Non-Class:  1.00 MB
       Class:  3.11 MB
        Both:  4.11 MB

MaxMetaspaceSize: unlimited
CompressedClassSpaceSize: 1.00 GB
Initial GC threshold: 21.00 MB
Current GC threshold: 21.00 MB
CDS: on
MetaspaceReclaimPolicy: balanced
 - commit_granule_bytes: 65536.
 - commit_granule_words: 8192.
 - virtual_space_node_default_size: 8388608.
 - enlarge_chunks_in_place: 1.
 - new_chunks_are_fully_committed: 0.
 - uncommit_free_chunks: 1.
 - use_allocation_guard: 0.


Internal statistics:

num_allocs_failed_limit: 0.
num_arena_births: 140.
num_arena_deaths: 0.
num_vsnodes_births: 2.
num_vsnodes_deaths: 0.
num_space_committed: 124.
num_space_uncommitted: 0.
num_chunks_returned_to_freelist: 0.
num_chunks_taken_from_freelist: 181.
num_chunk_merges: 0.
num_chunk_splits: 105.
num_chunks_enlarged: 39.
num_inconsistent_stats: 0.

CodeHeap 'non-profiled nmethods': size=120000Kb used=288Kb max_used=288Kb free=119711Kb
 bounds [0x0000020fb5030000, 0x0000020fb52a0000, 0x0000020fbc560000]
CodeHeap 'profiled nmethods': size=120000Kb used=1446Kb max_used=1446Kb free=118553Kb
 bounds [0x0000020fad560000, 0x0000020fad7d0000, 0x0000020fb4a90000]
CodeHeap 'non-nmethods': size=5760Kb used=1738Kb max_used=1752Kb free=4022Kb
 bounds [0x0000020fb4a90000, 0x0000020fb4d00000, 0x0000020fb5030000]
 total_blobs=1623 nmethods=1016 adapters=518
 compilation: enabled
              stopped_count=0, restarted_count=0
 full_count=0

Compilation events (20 events):
Event: 8.148 Thread 0x0000020fc057d7a0 nmethod 1005 0x0000020fb5077110 code [0x0000020fb5077280, 0x0000020fb5077348]
Event: 8.148 Thread 0x0000020fc057d7a0 1006       1       sun.awt.image.VolatileSurfaceManager::getPrimarySurfaceData (5 bytes)
Event: 8.148 Thread 0x0000020fc057d7a0 nmethod 1006 0x0000020fb5077410 code [0x0000020fb5077580, 0x0000020fb5077648]
Event: 8.149 Thread 0x0000020fc057d7a0 1007       3       java.awt.geom.AffineTransform::translate (547 bytes)
Event: 8.149 Thread 0x0000020fc057d7a0 nmethod 1007 0x0000020fad6c3890 code [0x0000020fad6c3b80, 0x0000020fad6c48e0]
Event: 8.269 Thread 0x0000020fc057d7a0 1008       3       java.awt.Toolkit::getEventQueue (7 bytes)
Event: 8.270 Thread 0x0000020fc057d7a0 nmethod 1008 0x0000020fad6c4a10 code [0x0000020fad6c4be0, 0x0000020fad6c4fe8]
Event: 1861.905 Thread 0x0000020fc057d7a0 1011       3       java.util.concurrent.locks.AbstractQueuedSynchronizer$Node::<init> (5 bytes)
Event: 1861.925 Thread 0x0000020fc057d7a0 nmethod 1011 0x0000020fad6c5190 code [0x0000020fad6c5320, 0x0000020fad6c5488]
Event: 2221.959 Thread 0x0000020fc057d7a0 1012   !   3       java.util.concurrent.locks.AbstractQueuedSynchronizer::acquire (424 bytes)
Event: 2222.046 Thread 0x0000020fc057d7a0 nmethod 1012 0x0000020fad6c5590 code [0x0000020fad6c5900, 0x0000020fad6c7220]
Event: 3204.180 Thread 0x0000020fc057d7a0 1013       3       jdk.internal.misc.Unsafe::putIntOpaque (9 bytes)
Event: 3204.188 Thread 0x0000020fc057d7a0 nmethod 1013 0x0000020fad6c7a10 code [0x0000020fad6c7ba0, 0x0000020fad6c7cb8]
Event: 3264.187 Thread 0x0000020fc057d7a0 1015   !   3       java.util.concurrent.locks.AbstractQueuedSynchronizer$ConditionObject::newConditionNode (78 bytes)
Event: 3264.221 Thread 0x0000020fc057d7a0 nmethod 1015 0x0000020fad6c7d90 code [0x0000020fad6c7fc0, 0x0000020fad6c8798]
Event: 3264.222 Thread 0x0000020fc057d7a0 1016       3       java.util.concurrent.locks.AbstractQueuedSynchronizer$ConditionNode::<init> (5 bytes)
Event: 3264.223 Thread 0x0000020fc057d7a0 nmethod 1016 0x0000020fad6c8a90 code [0x0000020fad6c8c20, 0x0000020fad6c8de8]
Event: 3264.223 Thread 0x0000020fc057d7a0 1017       3       java.util.concurrent.locks.AbstractQueuedSynchronizer$ConditionObject::enableWait (84 bytes)
Event: 3264.227 Thread 0x0000020fc057d7a0 nmethod 1017 0x0000020fad6c8e90 code [0x0000020fad6c90a0, 0x0000020fad6c97e8]
Event: 4560.918 Thread 0x0000020fc0578f90 1018 %     4       java.lang.StringLatin1::indexOfChar @ 7 (33 bytes)

GC Heap History (0 events):
No events

Dll operation events (8 events):
Event: 0.018 Loaded shared library C:\Program Files\Java\jdk-20\bin\java.dll
Event: 0.039 Loaded shared library C:\Program Files\Java\jdk-20\bin\jsvml.dll
Event: 0.093 Loaded shared library C:\Program Files\Java\jdk-20\bin\net.dll
Event: 0.099 Loaded shared library C:\Program Files\Java\jdk-20\bin\nio.dll
Event: 0.140 Loaded shared library C:\Program Files\Java\jdk-20\bin\jimage.dll
Event: 0.168 Loaded shared library C:\Program Files\Java\jdk-20\bin\awt.dll
Event: 0.667 Loaded shared library C:\Program Files\Java\jdk-20\bin\freetype.dll
Event: 0.669 Loaded shared library C:\Program Files\Java\jdk-20\bin\fontmanager.dll

Deoptimization events (20 events):
Event: 0.476 Thread 0x0000020fa3c542b0 Uncommon trap: trap_request=0xffffff45 fr.pc=0x0000020fb503fa94 relative=0x0000000000000a14
Event: 0.476 Thread 0x0000020fa3c542b0 Uncommon trap: reason=unstable_if action=reinterpret pc=0x0000020fb503fa94 method=java.util.HashMap.putVal(ILjava/lang/Object;Ljava/lang/Object;ZZ)Ljava/lang/Object; @ 236 c2
Event: 0.476 Thread 0x0000020fa3c542b0 DEOPT PACKING pc=0x0000020fb503fa94 sp=0x000000c9cd0fdf90
Event: 0.476 Thread 0x0000020fa3c542b0 DEOPT UNPACKING pc=0x0000020fb4aad2a2 sp=0x000000c9cd0fdf48 mode 2
Event: 0.958 Thread 0x0000021005bda3e0 Uncommon trap: trap_request=0xffffffc6 fr.pc=0x0000020fb50623fc relative=0x00000000000002bc
Event: 0.958 Thread 0x0000021005bda3e0 Uncommon trap: reason=bimorphic_or_optimized_type_check action=maybe_recompile pc=0x0000020fb50623fc method=java.util.HashMap.getNode(Ljava/lang/Object;)Ljava/util/HashMap$Node; @ 63 c2
Event: 0.958 Thread 0x0000021005bda3e0 DEOPT PACKING pc=0x0000020fb50623fc sp=0x000000c9ce5fd450
Event: 0.958 Thread 0x0000021005bda3e0 DEOPT UNPACKING pc=0x0000020fb4aad2a2 sp=0x000000c9ce5fd3b8 mode 2
Event: 0.968 Thread 0x0000021005bda3e0 Uncommon trap: trap_request=0xffffffc6 fr.pc=0x0000020fb50623fc relative=0x00000000000002bc
Event: 0.968 Thread 0x0000021005bda3e0 Uncommon trap: reason=bimorphic_or_optimized_type_check action=maybe_recompile pc=0x0000020fb50623fc method=java.util.HashMap.getNode(Ljava/lang/Object;)Ljava/util/HashMap$Node; @ 63 c2
Event: 0.968 Thread 0x0000021005bda3e0 DEOPT PACKING pc=0x0000020fb50623fc sp=0x000000c9ce5fd340
Event: 0.968 Thread 0x0000021005bda3e0 DEOPT UNPACKING pc=0x0000020fb4aad2a2 sp=0x000000c9ce5fd2a8 mode 2
Event: 0.970 Thread 0x0000021005bda3e0 Uncommon trap: trap_request=0xffffffc6 fr.pc=0x0000020fb50623fc relative=0x00000000000002bc
Event: 0.970 Thread 0x0000021005bda3e0 Uncommon trap: reason=bimorphic_or_optimized_type_check action=maybe_recompile pc=0x0000020fb50623fc method=java.util.HashMap.getNode(Ljava/lang/Object;)Ljava/util/HashMap$Node; @ 63 c2
Event: 0.970 Thread 0x0000021005bda3e0 DEOPT PACKING pc=0x0000020fb50623fc sp=0x000000c9ce5fd450
Event: 0.970 Thread 0x0000021005bda3e0 DEOPT UNPACKING pc=0x0000020fb4aad2a2 sp=0x000000c9ce5fd3b8 mode 2
Event: 0.973 Thread 0x0000021005bda3e0 Uncommon trap: trap_request=0xffffffc6 fr.pc=0x0000020fb50623fc relative=0x00000000000002bc
Event: 0.973 Thread 0x0000021005bda3e0 Uncommon trap: reason=bimorphic_or_optimized_type_check action=maybe_recompile pc=0x0000020fb50623fc method=java.util.HashMap.getNode(Ljava/lang/Object;)Ljava/util/HashMap$Node; @ 63 c2
Event: 0.973 Thread 0x0000021005bda3e0 DEOPT PACKING pc=0x0000020fb50623fc sp=0x000000c9ce5fd340
Event: 0.973 Thread 0x0000021005bda3e0 DEOPT UNPACKING pc=0x0000020fb4aad2a2 sp=0x000000c9ce5fd2a8 mode 2

Classes loaded (20 events):
Event: 3.351 Loading class java/awt/Container$MouseEventTargetFilter
Event: 3.351 Loading class java/awt/Container$EventTargetFilter
Event: 3.351 Loading class java/awt/Container$EventTargetFilter done
Event: 3.351 Loading class java/awt/Container$MouseEventTargetFilter done
Event: 3.351 Loading class java/awt/LightweightDispatcher$1
Event: 3.352 Loading class java/awt/LightweightDispatcher$1 done
Event: 3.352 Loading class java/awt/event/AWTEventListenerProxy
Event: 3.352 Loading class java/awt/event/AWTEventListenerProxy done
Event: 3.352 Loading class java/awt/Toolkit$SelectiveAWTEventListener
Event: 3.353 Loading class java/awt/Toolkit$SelectiveAWTEventListener done
Event: 3.353 Loading class java/awt/Toolkit$ToolkitEventMulticaster
Event: 3.353 Loading class java/awt/Toolkit$ToolkitEventMulticaster done
Event: 3.353 Loading class java/awt/event/MouseWheelEvent
Event: 3.353 Loading class java/awt/event/MouseWheelEvent done
Event: 5.435 Loading class java/awt/LightweightDispatcher$2
Event: 5.436 Loading class java/awt/LightweightDispatcher$2 done
Event: 8.260 Loading class java/awt/KeyboardFocusManager$2
Event: 8.260 Loading class java/awt/KeyboardFocusManager$2 done
Event: 8.260 Loading class sun/awt/SunToolkit$1
Event: 8.260 Loading class sun/awt/SunToolkit$1 done

Classes unloaded (0 events):
No events

Classes redefined (0 events):
No events

Internal exceptions (14 events):
Event: 0.101 Thread 0x0000020fa3c542b0 Exception <a 'sun/nio/fs/WindowsException'{0x00000000c863ead0}> (0x00000000c863ead0) 
thrown [s\open\src\hotspot\share\prims\jni.cpp, line 519]
Event: 0.103 Thread 0x0000020fa3c542b0 Exception <a 'sun/nio/fs/WindowsException'{0x00000000c8641178}> (0x00000000c8641178) 
thrown [s\open\src\hotspot\share\prims\jni.cpp, line 519]
Event: 0.103 Thread 0x0000020fa3c542b0 Exception <a 'sun/nio/fs/WindowsException'{0x00000000c8641d50}> (0x00000000c8641d50) 
thrown [s\open\src\hotspot\share\prims\jni.cpp, line 519]
Event: 0.150 Thread 0x0000020fa3c542b0 Exception <a 'java/lang/ClassNotFoundException'{0x00000000c85240b8}: sun/awt/resources/spi/awtProvider> (0x00000000c85240b8) 
thrown [s\open\src\hotspot\share\classfile\systemDictionary.cpp, line 305]
Event: 0.178 Thread 0x0000020fa3c542b0 Exception <a 'java/io/FileNotFoundException'{0x00000000c857a900}> (0x00000000c857a900) 
thrown [s\open\src\hotspot\share\prims\jni.cpp, line 519]
Event: 0.186 Thread 0x0000020fa3c542b0 Exception <a 'java/io/FileNotFoundException'{0x00000000c85a4b30}> (0x00000000c85a4b30) 
thrown [s\open\src\hotspot\share\prims\jni.cpp, line 519]
Event: 0.479 Thread 0x0000020fa3c542b0 Exception <a 'java/lang/NoSuchMethodError'{0x00000000c84b6e68}: 'void java.lang.invoke.DirectMethodHandle$Holder.invokeSpecial(java.lang.Object, java.lang.Object, java.lang.Object)'> (0x00000000c84b6e68) 
thrown [s\open\src\hotspot\share\interpreter\linkResolver.cpp, line 773]
Event: 0.492 Thread 0x0000020fa3c542b0 Exception <a 'java/lang/NoSuchMethodError'{0x00000000c83196f0}: 'java.lang.Object java.lang.invoke.DirectMethodHandle$Holder.newInvokeSpecial(java.lang.Object, java.lang.Object, java.lang.Object, java.lang.Object, java.lang.Object)'> (0x00000000c83196f0) 
thrown [s\open\src\hotspot\share\interpreter\linkResolver.cpp, line 773]
Event: 0.506 Thread 0x0000020fa3c542b0 Exception <a 'java/lang/NoSuchMethodError'{0x00000000c834a1e8}: 'java.lang.Object java.lang.invoke.DirectMethodHandle$Holder.invokeStatic(java.lang.Object, int, java.lang.Object)'> (0x00000000c834a1e8) 
thrown [s\open\src\hotspot\share\interpreter\linkResolver.cpp, line 773]
Event: 0.535 Thread 0x0000020fa3c542b0 Exception <a 'java/lang/ClassNotFoundException'{0x00000000c8205c78}: com/sun/swing/internal/plaf/metal/resources/spi/metalProvider> (0x00000000c8205c78) 
thrown [s\open\src\hotspot\share\classfile\systemDictionary.cpp, line 305]
Event: 0.536 Thread 0x0000020fa3c542b0 Exception <a 'java/lang/ClassNotFoundException'{0x00000000c8209bd8}: com/sun/swing/internal/plaf/basic/resources/spi/basicProvider> (0x00000000c8209bd8) 
thrown [s\open\src\hotspot\share\classfile\systemDictionary.cpp, line 305]
Event: 0.548 Thread 0x0000020fa3c542b0 Exception <a 'java/lang/NoSuchMethodError'{0x00000000c8228da8}: 'int java.lang.invoke.Invokers$Holder.invokeExact_MT(java.lang.Object, java.lang.Object)'> (0x00000000c8228da8) 
thrown [s\open\src\hotspot\share\interpreter\linkResolver.cpp, line 773]
Event: 0.626 Thread 0x0000021005ac3db0 Exception <a 'java/lang/NoSuchMethodError'{0x00000000c84524a0}: 'void java.lang.invoke.DirectMethodHandle$Holder.invokeVirtual(java.lang.Object, java.lang.Object)'> (0x00000000c84524a0) 
thrown [s\open\src\hotspot\share\interpreter\linkResolver.cpp, line 773]
Event: 0.660 Thread 0x0000020fa3c542b0 Exception <a 'java/lang/NoSuchMethodError'{0x00000000c82ce240}: 'void java.lang.invoke.DirectMethodHandle$Holder.invokeStaticInit(java.lang.Object)'> (0x00000000c82ce240) 
thrown [s\open\src\hotspot\share\interpreter\linkResolver.cpp, line 773]

VM Operations (20 events):
Event: 0.592 Executing VM operation: HandshakeAllThreads
Event: 0.592 Executing VM operation: HandshakeAllThreads done
Event: 0.913 Executing VM operation: HandshakeAllThreads
Event: 0.913 Executing VM operation: HandshakeAllThreads done
Event: 1.065 Executing VM operation: HandshakeAllThreads
Event: 1.079 Executing VM operation: HandshakeAllThreads done
Event: 1.079 Executing VM operation: Cleanup
Event: 1.079 Executing VM operation: Cleanup done
Event: 4.090 Executing VM operation: Cleanup
Event: 4.091 Executing VM operation: Cleanup done
Event: 5.093 Executing VM operation: Cleanup
Event: 5.094 Executing VM operation: Cleanup done
Event: 6.103 Executing VM operation: Cleanup
Event: 6.103 Executing VM operation: Cleanup done
Event: 9.132 Executing VM operation: Cleanup
Event: 9.132 Executing VM operation: Cleanup done
Event: 60.055 Executing VM operation: HandshakeAllThreads
Event: 60.058 Executing VM operation: HandshakeAllThreads done
Event: 4558.561 Executing VM operation: Cleanup
Event: 4558.606 Executing VM operation: Cleanup done

Events (18 events):
Event: 0.040 Thread 0x0000020fa3c542b0 Thread added: 0x0000020fa3c542b0
Event: 0.056 Thread 0x0000020fc0565180 Thread added: 0x0000020fc0565180
Event: 0.056 Thread 0x0000020fc0565ff0 Thread added: 0x0000020fc0565ff0
Event: 0.057 Thread 0x0000020fc056a860 Thread added: 0x0000020fc056a860
Event: 0.057 Thread 0x0000020fc056d3a0 Thread added: 0x0000020fc056d3a0
Event: 0.057 Thread 0x0000020fc056df70 Thread added: 0x0000020fc056df70
Event: 0.057 Thread 0x0000020fc056fee0 Thread added: 0x0000020fc056fee0
Event: 0.057 Thread 0x0000020fc0578f90 Thread added: 0x0000020fc0578f90
Event: 0.057 Thread 0x0000020fc057d7a0 Thread added: 0x0000020fc057d7a0
Event: 0.077 Thread 0x00000210058210f0 Thread added: 0x00000210058210f0
Event: 0.121 Thread 0x000002100592a910 Thread added: 0x000002100592a910
Event: 0.229 Thread 0x0000021005ac30c0 Thread added: 0x0000021005ac30c0
Event: 0.236 Thread 0x0000021005ac3860 Thread added: 0x0000021005ac3860
Event: 0.237 Thread 0x0000021005ac3db0 Thread added: 0x0000021005ac3db0
Event: 0.629 Thread 0x0000021005bda3e0 Thread added: 0x0000021005bda3e0
Event: 0.910 Thread 0x0000020fa3c542b0 Thread exited: 0x0000020fa3c542b0
Event: 0.910 Thread 0x0000020fa3c542b0 Thread added: 0x0000020fa3c542b0
Event: 1.063 Thread 0x0000021006814d10 Thread added: 0x0000021006814d10


Dynamic libraries:
0x00007ff67e270000 - 0x00007ff67e280000 	C:\Program Files\Java\jdk-20\bin\java.exe
0x00007ff8a0ad0000 - 0x00007ff8a0ce4000 	C:\WINDOWS\SYSTEM32\ntdll.dll
0x00007ff89ec70000 - 0x00007ff89ed32000 	C:\WINDOWS\System32\KERNEL32.DLL
0x00007ff89e460000 - 0x00007ff89e803000 	C:\WINDOWS\System32\KERNELBASE.dll
0x00007ff89e1a0000 - 0x00007ff89e2b1000 	C:\WINDOWS\System32\ucrtbase.dll
0x00007ff87f200000 - 0x00007ff87f21b000 	C:\Program Files\Java\jdk-20\bin\VCRUNTIME140.dll
0x00007ff896790000 - 0x00007ff8967a9000 	C:\Program Files\Java\jdk-20\bin\jli.dll
0x00007ff8a08a0000 - 0x00007ff8a094e000 	C:\WINDOWS\System32\ADVAPI32.dll
0x00007ff89f3c0000 - 0x00007ff89f467000 	C:\WINDOWS\System32\msvcrt.dll
0x00007ff8a09e0000 - 0x00007ff8a0a84000 	C:\WINDOWS\System32\sechost.dll
0x00007ff89fe50000 - 0x00007ff89ff67000 	C:\WINDOWS\System32\RPCRT4.dll
0x00007ff89ea50000 - 0x00007ff89ebfb000 	C:\WINDOWS\System32\USER32.dll
0x00007ff89e040000 - 0x00007ff89e066000 	C:\WINDOWS\System32\win32u.dll
0x00007ff8a0870000 - 0x00007ff8a0899000 	C:\WINDOWS\System32\GDI32.dll
0x00007ff89e2c0000 - 0x00007ff89e3d9000 	C:\WINDOWS\System32\gdi32full.dll
0x00007ff89e810000 - 0x00007ff89e8aa000 	C:\WINDOWS\System32\msvcp_win.dll
0x00007ff886f90000 - 0x00007ff88721e000 	C:\WINDOWS\WinSxS\amd64_microsoft.windows.common-controls_6595b64144ccf1df_6.0.22621.1635_none_270f70857386168e\COMCTL32.dll
0x00007ff88d700000 - 0x00007ff88d70a000 	C:\WINDOWS\SYSTEM32\VERSION.dll
0x00007ff89ed40000 - 0x00007ff89ed71000 	C:\WINDOWS\System32\IMM32.DLL
0x00007ff88d4d0000 - 0x00007ff88d4dc000 	C:\Program Files\Java\jdk-20\bin\vcruntime140_1.dll
0x00007ff85b480000 - 0x00007ff85b50e000 	C:\Program Files\Java\jdk-20\bin\msvcp140.dll
0x00007ff838020000 - 0x00007ff838cb8000 	C:\Program Files\Java\jdk-20\bin\server\jvm.dll
0x00007ff88d9a0000 - 0x00007ff88d9d4000 	C:\WINDOWS\SYSTEM32\WINMM.dll
0x00007ff88db90000 - 0x00007ff88db99000 	C:\WINDOWS\SYSTEM32\WSOCK32.dll
0x00007ff8a0950000 - 0x00007ff8a09c1000 	C:\WINDOWS\System32\WS2_32.dll
0x00007ff89cf90000 - 0x00007ff89cfa8000 	C:\WINDOWS\SYSTEM32\kernel.appcore.dll
0x00007ff87f1f0000 - 0x00007ff87f1fa000 	C:\Program Files\Java\jdk-20\bin\jimage.dll
0x00007ff89b8f0000 - 0x00007ff89bb1e000 	C:\WINDOWS\SYSTEM32\DBGHELP.DLL
0x00007ff89f010000 - 0x00007ff89f399000 	C:\WINDOWS\System32\combase.dll
0x00007ff89f600000 - 0x00007ff89f6d7000 	C:\WINDOWS\System32\OLEAUT32.dll
0x00007ff881490000 - 0x00007ff8814c2000 	C:\WINDOWS\SYSTEM32\dbgcore.DLL
0x00007ff89e3e0000 - 0x00007ff89e45b000 	C:\WINDOWS\System32\bcryptPrimitives.dll
0x00007ff87cbc0000 - 0x00007ff87cbe6000 	C:\Program Files\Java\jdk-20\bin\java.dll
0x00007ff83d440000 - 0x00007ff83d517000 	C:\Program Files\Java\jdk-20\bin\jsvml.dll
0x00007ff8a0070000 - 0x00007ff8a086a000 	C:\WINDOWS\System32\SHELL32.dll
0x00007ff89bed0000 - 0x00007ff89c79e000 	C:\WINDOWS\SYSTEM32\windows.storage.dll
0x00007ff89bd90000 - 0x00007ff89bece000 	C:\WINDOWS\SYSTEM32\wintypes.dll
0x00007ff89ff70000 - 0x00007ff8a0061000 	C:\WINDOWS\System32\SHCORE.dll
0x00007ff89ec00000 - 0x00007ff89ec5e000 	C:\WINDOWS\System32\shlwapi.dll
0x00007ff89de00000 - 0x00007ff89de21000 	C:\WINDOWS\SYSTEM32\profapi.dll
0x00007ff879290000 - 0x00007ff8792a3000 	C:\Program Files\Java\jdk-20\bin\net.dll
0x00007ff8941d0000 - 0x00007ff894307000 	C:\WINDOWS\SYSTEM32\WINHTTP.dll
0x00007ff89d480000 - 0x00007ff89d4e9000 	C:\WINDOWS\system32\mswsock.dll
0x00007ff878f60000 - 0x00007ff878f76000 	C:\Program Files\Java\jdk-20\bin\nio.dll
0x00007ff83c830000 - 0x00007ff83c9c1000 	C:\Program Files\Java\jdk-20\bin\awt.dll
0x00007ff898760000 - 0x00007ff8987f7000 	C:\WINDOWS\SYSTEM32\apphelp.dll
0x00007ff89b140000 - 0x00007ff89b16b000 	C:\WINDOWS\system32\DWMAPI.DLL
0x00007ff89aec0000 - 0x00007ff89af6b000 	C:\WINDOWS\system32\uxtheme.dll
0x00007ff878dc0000 - 0x00007ff878ec0000 	C:\WINDOWS\system32\opengl32.dll
0x00007ff886880000 - 0x00007ff8868ad000 	C:\WINDOWS\SYSTEM32\GLU32.dll
0x00007ff89afd0000 - 0x00007ff89b008000 	C:\WINDOWS\SYSTEM32\dxcore.dll
0x00007ff89f6e0000 - 0x00007ff89f807000 	C:\WINDOWS\System32\MSCTF.dll
0x00007ff89e8b0000 - 0x00007ff89ea4c000 	C:\WINDOWS\System32\ole32.dll
0x00007ff83f070000 - 0x00007ff83f0f6000 	C:\Program Files\Java\jdk-20\bin\freetype.dll
0x00007ff83c750000 - 0x00007ff83c823000 	C:\Program Files\Java\jdk-20\bin\fontmanager.dll
0x00007ff89f810000 - 0x00007ff89f8c0000 	C:\WINDOWS\System32\clbcatq.dll
0x00007ff8970a0000 - 0x00007ff897250000 	C:\WINDOWS\SYSTEM32\WindowsCodecs.dll
0x00007ff879d60000 - 0x00007ff879dbe000 	C:\WINDOWS\system32\dataexchange.dll
0x00007ff894c00000 - 0x00007ff894e6e000 	C:\WINDOWS\system32\twinapi.appcore.dll
0x00007ff873060000 - 0x00007ff87318d000 	C:\WINDOWS\SYSTEM32\textinputframework.dll
0x00007ff898460000 - 0x00007ff898593000 	C:\WINDOWS\SYSTEM32\CoreMessaging.dll
0x00007ff895d00000 - 0x00007ff89606c000 	C:\WINDOWS\SYSTEM32\CoreUIComponents.dll
0x00007ff89d700000 - 0x00007ff89d70c000 	C:\WINDOWS\SYSTEM32\CRYPTBASE.DLL

dbghelp: loaded successfully - version: 4.0.5 - missing functions: none
symbol engine: initialized successfully - sym options: 0x614 - pdb path: .;C:\Program Files\Java\jdk-20\bin;C:\WINDOWS\SYSTEM32;C:\WINDOWS\WinSxS\amd64_microsoft.windows.common-controls_6595b64144ccf1df_6.0.22621.1635_none_270f70857386168e;C:\Program Files\Java\jdk-20\bin\server

VM Arguments:
jvm_args: -Dfile.encoding=UTF-8 --module-path=C:\Users\jazzy\OneDrive\Documents\NetBeansProjects\StudentRecordSystem\build\classes 
java_command: studentrecordsystem.Add
java_class_path (initial): C:\Users\jazzy\OneDrive\Documents\NetBeansProjects\StudentRecordSystem\build\classes
Launcher Type: SUN_STANDARD

[Global flags]
     intx CICompilerCount                          = 3                                         {product} {ergonomic}
     uint ConcGCThreads                            = 1                                         {product} {ergonomic}
     uint G1ConcRefinementThreads                  = 4                                         {product} {ergonomic}
   size_t G1HeapRegionSize                         = 1048576                                   {product} {ergonomic}
    uintx GCDrainStackTargetSize                   = 64                                        {product} {ergonomic}
   size_t InitialHeapSize                          = 62914560                                  {product} {ergonomic}
   size_t MarkStackSize                            = 4194304                                   {product} {ergonomic}
   size_t MaxHeapSize                              = 994050048                                 {product} {ergonomic}
   size_t MaxNewSize                               = 595591168                                 {product} {ergonomic}
   size_t MinHeapDeltaBytes                        = 1048576                                   {product} {ergonomic}
   size_t MinHeapSize                              = 8388608                                   {product} {ergonomic}
    uintx NonNMethodCodeHeapSize                   = 5832780                                {pd product} {ergonomic}
    uintx NonProfiledCodeHeapSize                  = 122912730                              {pd product} {ergonomic}
    uintx ProfiledCodeHeapSize                     = 122912730                              {pd product} {ergonomic}
    uintx ReservedCodeCacheSize                    = 251658240                              {pd product} {ergonomic}
     bool SegmentedCodeCache                       = true                                      {product} {ergonomic}
   size_t SoftMaxHeapSize                          = 994050048                              {manageable} {ergonomic}
     bool UseCompressedClassPointers               = true                           {product lp64_product} {ergonomic}
     bool UseCompressedOops                        = true                           {product lp64_product} {ergonomic}
     bool UseG1GC                                  = true                                      {product} {ergonomic}
     bool UseLargePagesIndividualAllocation        = false                                  {pd product} {ergonomic}

Logging:
Log output configuration:
 #0: stdout all=warning uptime,level,tags foldmultilines=false
 #1: stderr all=off uptime,level,tags foldmultilines=false

Environment Variables:
JAVA_HOME=C:\Program Files\Java\jdk-20
PATH=C:\Program Files\Common Files\Oracle\Java\javapath;C:\WINDOWS\system32;C:\WINDOWS;C:\WINDOWS\System32\Wbem;C:\WINDOWS\System32\WindowsPowerShell\v1.0\;C:\WINDOWS\System32\OpenSSH\;C:\Program Files\dotnet\;C:\Program Files\Microsoft SQL Server\150\Tools\Binn\;C:\Program Files\Microsoft SQL Server\Client SDK\ODBC\170\Tools\Binn\;C:\Program Files\Java\jdk-20\bin;C:\Users\jazzy\AppData\Local\Microsoft\WindowsApps;;C:\Users\jazzy\AppData\Local\Programs\Microsoft VS Code\bin;C:\Users\jazzy\.dotnet\tools
USERNAME=jazzy
OS=Windows_NT
PROCESSOR_IDENTIFIER=Intel64 Family 6 Model 140 Stepping 1, GenuineIntel
TMP=C:\Users\jazzy\AppData\Local\Temp
TEMP=C:\Users\jazzy\AppData\Local\Temp




---------------  S Y S T E M  ---------------

OS:
 Windows 11 , 64 bit Build 22621 (10.0.22621.1778)
OS uptime: 22 days 22:36 hours

CPU: total 4 (initial active 4) (2 cores per cpu, 2 threads per core) family 6 model 140 stepping 1 microcode 0x86, cx8, cmov, fxsr, ht, mmx, 3dnowpref, sse, sse2, sse3, ssse3, sse4.1, sse4.2, popcnt, lzcnt, tsc, tscinvbit, avx, avx2, aes, erms, clmul, bmi1, bmi2, adx, avx512f, avx512dq, avx512cd, avx512bw, avx512vl, sha, fma, vzeroupper, avx512_vpopcntdq, avx512_vpclmulqdq, avx512_vaes, avx512_vnni, clflush, clflushopt, clwb, avx512_vbmi2, avx512_vbmi, rdtscp, rdpid, fsrm, gfni, avx512_bitalg, f16c, pku, cet_ibt, cet_ss, avx512_ifma

Memory: 4k page, system-wide physical 3790M (22M free)
TotalPageFile size 15566M (AvailPageFile size 0M)
current process WorkingSet (physical memory assigned to process): 9M, peak: 68M
current process commit charge ("private bytes"): 147M, peak: 148M

vm_info: Java HotSpot(TM) 64-Bit Server VM (20.0.2+9-78) for windows-amd64 JRE (20.0.2+9-78), built on 2023-06-14T10:08:48Z by "mach5one" with MS VC++ 17.1 (VS2022)

END.
